[debug] [2023-08-21T22:26:42.418Z] ----------------------------------------------------------------------
[debug] [2023-08-21T22:26:42.422Z] Command:       C:\Program Files\nodejs\node.exe C:\Users\Shahzaib Katchela\AppData\Roaming\npm\node_modules\firebase-tools\lib\bin\firebase.js init
[debug] [2023-08-21T22:26:42.422Z] CLI Version:   12.4.8
[debug] [2023-08-21T22:26:42.423Z] Platform:      win32
[debug] [2023-08-21T22:26:42.423Z] Node Version:  v18.16.1
[debug] [2023-08-21T22:26:42.424Z] Time:          Mon Aug 21 2023 15:26:42 GMT-0700 (Pacific Daylight Time)
[debug] [2023-08-21T22:26:42.424Z] ----------------------------------------------------------------------
[debug] 
[debug] [2023-08-21T22:26:42.433Z] > command requires scopes: ["email","openid","https://www.googleapis.com/auth/cloudplatformprojects.readonly","https://www.googleapis.com/auth/firebase","https://www.googleapis.com/auth/cloud-platform"]
[debug] [2023-08-21T22:26:42.434Z] > authorizing via signed-in user (szaib2140@gmail.com)
[info] 
     ######## #### ########  ######## ########     ###     ######  ########
     ##        ##  ##     ## ##       ##     ##  ##   ##  ##       ##
     ######    ##  ########  ######   ########  #########  ######  ######
     ##        ##  ##    ##  ##       ##     ## ##     ##       ## ##
     ##       #### ##     ## ######## ########  ##     ##  ######  ########

You're about to initialize a Firebase project in this directory:

  C:\Projects\React\Tutorials\react-firebase-social-media-app

Before we get started, keep in mind:

  * You are currently outside your home directory

[info] 
=== Project Setup
[info] 
[info] First, let's associate this project directory with a Firebase project.
[info] You can create multiple project aliases by running firebase use --add, 
[info] but for now we'll just set up a default project.
[info] 
[debug] [2023-08-21T22:27:15.109Z] >>> [apiv2][query] GET https://firebase.googleapis.com/v1beta1/projects pageSize=100
[debug] [2023-08-21T22:27:16.226Z] <<< [apiv2][status] GET https://firebase.googleapis.com/v1beta1/projects 200
[debug] [2023-08-21T22:27:16.227Z] <<< [apiv2][body] GET https://firebase.googleapis.com/v1beta1/projects [omitted]
[info] i  Using project react-social-media-app-a036d (React-Social-Media-App) 
[info] 
=== Hosting Setup
[info] 
[info] Your public directory is the folder (relative to your project directory) that
[info] will contain Hosting assets to be uploaded with firebase deploy. If you
[info] have a build process for your assets, use your build's output directory.
[info] 
[info] +  Wrote public/404.html 
[debug] [2023-08-21T22:27:38.290Z] >>> [apiv2][query] GET https://www.gstatic.com/firebasejs/releases.json [none]
[debug] [2023-08-21T22:27:38.929Z] <<< [apiv2][status] GET https://www.gstatic.com/firebasejs/releases.json 200
[debug] [2023-08-21T22:27:38.930Z] <<< [apiv2][body] GET https://www.gstatic.com/firebasejs/releases.json {"current":{"version":"10.2.0","browserURL":"https://www.gstatic.com/firebasejs/10.2.0/firebase.js","packageURL":"https://www.gstatic.com/firebasejs/10.2.0/firebase.tgz"},"live":{"version":"10.2","browserURL":"https://www.gstatic.com/firebasejs/live/10.2/firebase.js","packageURL":"https://www.gstatic.com/firebasejs/live/10.2/firebase.tgz"},"components":{"analytics":"https://www.gstatic.com/firebasejs/10.2.0/firebase-analytics.js","app":"https://www.gstatic.com/firebasejs/10.2.0/firebase-app.js","app-check":"https://www.gstatic.com/firebasejs/10.2.0/firebase-app-check.js","auth":"https://www.gstatic.com/firebasejs/10.2.0/firebase-auth.js","auth/cordova":"https://www.gstatic.com/firebasejs/10.2.0/firebase-auth/cordova.js","functions":"https://www.gstatic.com/firebasejs/10.2.0/firebase-functions.js","firestore":"https://www.gstatic.com/firebasejs/10.2.0/firebase-firestore.js","firestore/lite":"https://www.gstatic.com/firebasejs/10.2.0/firebase-firestore/lite.js","installations":"https://www.gstatic.com/firebasejs/10.2.0/firebase-installations.js","storage":"https://www.gstatic.com/firebasejs/10.2.0/firebase-storage.js","performance":"https://www.gstatic.com/firebasejs/10.2.0/firebase-performance.js","remote-config":"https://www.gstatic.com/firebasejs/10.2.0/firebase-remote-config.js","messaging":"https://www.gstatic.com/firebasejs/10.2.0/firebase-messaging.js","messaging/sw":"https://www.gstatic.com/firebasejs/10.2.0/firebase-messaging/sw.js","database":"https://www.gstatic.com/firebasejs/10.2.0/firebase-database.js","firestore.memory":"https://www.gstatic.com/firebasejs/10.2.0/firebase-firestore.memory.js"}}
[info] i  Skipping write of public/index.html 
[info] 
[info] i  Detected a .git folder at C:\Projects\React\Tutorials\react-firebase-social-media-app 
[info] i  Authorizing with GitHub to upload your service account to a GitHub repository's secrets store. 
[info] 
[info] Visit this URL on this device to log in:
[info] https://github.com/login/oauth/authorize?client_id=89cf50f02ac6aaed3484&state=397760407&redirect_uri=http%3A%2F%2Flocalhost%3A9005&scope=read%3Auser%20repo%20public_repo
[info] 
[info] Waiting for authentication...
[debug] [2023-08-21T22:27:51.419Z] >>> [apiv2][query] POST https://github.com/login/oauth/access_token [none]
[debug] [2023-08-21T22:27:51.419Z] >>> [apiv2][body] POST https://github.com/login/oauth/access_token [stream]
[debug] [2023-08-21T22:27:52.477Z] <<< [apiv2][status] POST https://github.com/login/oauth/access_token 200
[debug] [2023-08-21T22:27:52.478Z] <<< [apiv2][body] POST https://github.com/login/oauth/access_token {"access_token":"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","token_type":"bearer","scope":"read:user,repo"}
[debug] [2023-08-21T22:27:52.512Z] >>> [apiv2][query] GET https://api.github.com/user [none]
[debug] [2023-08-21T22:27:53.322Z] <<< [apiv2][status] GET https://api.github.com/user 200
[debug] [2023-08-21T22:27:53.323Z] <<< [apiv2][body] GET https://api.github.com/user {"login":"ShahzaibJak","id":101657949,"node_id":"U_kgDOBg8tXQ","avatar_url":"https://avatars.githubusercontent.com/u/101657949?v=4","gravatar_id":"","url":"https://api.github.com/users/ShahzaibJak","html_url":"https://github.com/ShahzaibJak","followers_url":"https://api.github.com/users/ShahzaibJak/followers","following_url":"https://api.github.com/users/ShahzaibJak/following{/other_user}","gists_url":"https://api.github.com/users/ShahzaibJak/gists{/gist_id}","starred_url":"https://api.github.com/users/ShahzaibJak/starred{/owner}{/repo}","subscriptions_url":"https://api.github.com/users/ShahzaibJak/subscriptions","organizations_url":"https://api.github.com/users/ShahzaibJak/orgs","repos_url":"https://api.github.com/users/ShahzaibJak/repos","events_url":"https://api.github.com/users/ShahzaibJak/events{/privacy}","received_events_url":"https://api.github.com/users/ShahzaibJak/received_events","type":"User","site_admin":false,"name":null,"company":null,"blog":"","location":null,"email":null,"hireable":null,"bio":null,"twitter_username":null,"public_repos":9,"public_gists":0,"followers":1,"following":1,"created_at":"2022-03-15T16:07:24Z","updated_at":"2023-08-21T22:26:10Z","private_gists":0,"total_private_repos":8,"owned_private_repos":8,"disk_usage":66160,"collaborators":1,"two_factor_authentication":false,"plan":{"name":"free","space":976562499,"collaborators":0,"private_repos":10000}}
[info] 
[info] +  Success! Logged into GitHub as ShahzaibJak 
[info] 
